==19643== Callgrind, a call-graph generating cache profiler
==19643== Copyright (C) 2002-2015, and GNU GPL'd, by Josef Weidendorfer et al.
==19643== Using Valgrind-3.11.0 and LibVEX; rerun with -h for copyright info
==19643== Command: ./a.out
==19643== Parent PID: 9486
==19643== 
==19643== For interactive control, run 'callgrind_control -h'.
==19643== 
==19643== Events    : Ir Dr Dw I1mr D1mr D1mw ILmr DLmr DLmw Bc Bcm Bi Bim
==19643== Collected : 607894 139483 79326 1307 3057 714 1227 2071 575 75258 5694 824 175
==19643== 
==19643== I   refs:      607,894
==19643== I1  misses:      1,307
==19643== LLi misses:      1,227
==19643== I1  miss rate:    0.22%
==19643== LLi miss rate:    0.20%
==19643== 
==19643== D   refs:      218,809  (139,483 rd + 79,326 wr)
==19643== D1  misses:      3,771  (  3,057 rd +    714 wr)
==19643== LLd misses:      2,646  (  2,071 rd +    575 wr)
==19643== D1  miss rate:     1.7% (    2.2%   +    0.9%  )
==19643== LLd miss rate:     1.2% (    1.5%   +    0.7%  )
==19643== 
==19643== LL refs:         5,078  (  4,364 rd +    714 wr)
==19643== LL misses:       3,873  (  3,298 rd +    575 wr)
==19643== LL miss rate:      0.5% (    0.4%   +    0.7%  )
==19643== 
==19643== Branches:       76,082  ( 75,258 cond +    824 ind)
==19643== Mispredicts:     5,869  (  5,694 cond +    175 ind)
==19643== Mispred rate:      7.7% (    7.6%     +   21.2%   )
